    [INFO] Thread pool initialized to 12 threads
    [INFO] prefered_device - Found a dedicated GPU: NVIDIA GeForce RTX 5060 Ti
    [INFO] hello_world Kernel Output: hello, world
    [INFO] Platform count: 1
    [INFO] Platform vendor: NVIDIA Corporation
    [INFO] Platform name: NVIDIA CUDA
    [INFO] Platform profile: FULL_PROFILE
    [INFO] Platform version: OpenCL 3.0 CUDA 13.2.82
    [INFO] Device count: 1

    [INFO] Device name: NVIDIA GeForce RTX 5060 Ti
    [INFO] Device type:  (GPU) (ALL)
    [INFO] Device hardware version: OpenCL 3.0 CUDA
    [INFO] Device driver version: 595.71.05
    [INFO] Device openCL_C version: OpenCL C 1.2 
    [INFO] Device Parallel Compute units: 36
    [INFO] Device local memory type: LOCAL
    [INFO] Device max local memory size: 49152
    [INFO] Device max clock frequency: 2602
    [INFO] Device max constant buffer size: 65536
    [INFO] Device max work group size: 1024
    [INFO] Device max work item sizes: 1024,1024,64
    [INFO] CPU result checksum: 656700.000000
    [INFO] OpenCL result checksum: 656700.000000
    [INFO] Window radious / Disparity range: (4,65)
    [INFO] Local memory tile size L/R (24,16), (89,16)
    [INFO] Local memory allocation L/R (384,1424)
    [INFO] Integral local memory allocation (1024)

--------[SEGMENT START] PHASE 1 - opencl_workload_hello_world--------
----[SCOPE START] hello_world_load----
    [HOST] hello_world_load Avg 95.8911ms,  Middle 95.8911ms
----[SCOPE END] total host: 95.8911 ms, total device: 0 ms----
----[SCOPE START] hello_world_setup----
    [HOST] hello_world_setup Avg 0.003616ms,  Middle 0.003616ms
----[SCOPE END] total host: 0.003616 ms, total device: 0 ms----
----[SCOPE START] hello_world_run----
    [DEVICE ADDITIONAL] Kernel execution [QUEUE to SUBMIT] Avg 0.00256ms, Middle 0.00256ms
    [DEVICE ADDITIONAL] Kernel execution [SUBMIT to START] Avg 0.004896ms, Middle 0.004896ms
    [DEVICE ADDITIONAL] Kernel execution [QUEUE to END] Avg 0.022016ms, Middle 0.022016ms
    [DEVICE] Kernel execution [EXECUTION] Avg 0.01456ms, Middle 0.01456ms
    [DEVICE ADDITIONAL] Buffer read [QUEUE to SUBMIT] Avg 0.006432ms, Middle 0.006432ms
    [DEVICE ADDITIONAL] Buffer read [SUBMIT to START] Avg 0.004064ms, Middle 0.004064ms
    [DEVICE ADDITIONAL] Buffer read [QUEUE to END] Avg 0.011488ms, Middle 0.011488ms
    [DEVICE] Buffer read [EXECUTION] Avg 0.000992ms, Middle 0.000992ms
    [HOST] hello_world_run Avg 0.108834ms,  Middle 0.108834ms
----[SCOPE END] total host: 0.108834 ms, total device: 0.015552 ms----
--------[SEGMENT END] total host: 96.0035 ms, total device: 0.015552 ms--------

--------[SEGMENT START] PHASE 2 - cpu_add_matrix--------
----[SCOPE START] add_matrix----
    [HOST] add_matrix Avg 0.00031152ms,  Middle 0.00019ms
----[SCOPE END] total host: 0.00031152 ms, total device: 0 ms----
--------[SEGMENT END] total host: 0.00031152 ms, total device: 0 ms--------

--------[SEGMENT START] PHASE 2 - opencl_workload_add_matrix--------
----[SCOPE START] add_matrix_initialize----
    [HOST] add_matrix_initialize Avg 83.3729ms,  Middle 83.3729ms
----[SCOPE END] total host: 83.3729 ms, total device: 0 ms----
----[SCOPE START] add_matrix_pipeline----
    [DEVICE ADDITIONAL] Pipeline | matrix one write [QUEUE to SUBMIT] Avg 0.0019072ms, Middle 0.001792ms
    [DEVICE ADDITIONAL] Pipeline | matrix one write [SUBMIT to START] Avg 0.00307456ms, Middle 0.002768ms
    [DEVICE ADDITIONAL] Pipeline | matrix one write [QUEUE to END] Avg 0.00549568ms, Middle 0.005024ms
    [DEVICE] Pipeline | matrix one write [EXECUTION] Avg 0.00051392ms, Middle 0.000416ms
    [DEVICE ADDITIONAL] Pipeline | matrix two write [QUEUE to SUBMIT] Avg 0.00173952ms, Middle 0.001728ms
    [DEVICE ADDITIONAL] Pipeline | matrix two write [SUBMIT to START] Avg 0.00264384ms, Middle 0.002464ms
    [DEVICE ADDITIONAL] Pipeline | matrix two write [QUEUE to END] Avg 0.00465856ms, Middle 0.00448ms
    [DEVICE] Pipeline | matrix two write [EXECUTION] Avg 0.0002752ms, Middle 0.000288ms
    [DEVICE ADDITIONAL] Pipeline | matrix addition [QUEUE to SUBMIT] Avg 0.00159808ms, Middle 0.0016ms
    [DEVICE ADDITIONAL] Pipeline | matrix addition [SUBMIT to START] Avg 0.00263488ms, Middle 0.002464ms
    [DEVICE ADDITIONAL] Pipeline | matrix addition [QUEUE to END] Avg 0.00761856ms, Middle 0.007264ms
    [DEVICE] Pipeline | matrix addition [EXECUTION] Avg 0.0033856ms, Middle 0.002992ms
    [DEVICE ADDITIONAL] Pipeline | matrix read [QUEUE to SUBMIT] Avg 0.00217216ms, Middle 0.002048ms
    [DEVICE ADDITIONAL] Pipeline | matrix read [SUBMIT to START] Avg 0.00290048ms, Middle 0.002688ms
    [DEVICE ADDITIONAL] Pipeline | matrix read [QUEUE to END] Avg 0.00576384ms, Middle 0.005392ms
    [DEVICE] Pipeline | matrix read [EXECUTION] Avg 0.0006912ms, Middle 0.000656ms
    [HOST] add_matrix_pipeline Avg 0.0749244ms,  Middle 0.0715995ms
----[SCOPE END] total host: 0.0749244 ms, total device: 0.00486592 ms----
--------[SEGMENT END] total host: 83.4478 ms, total device: 0.00486592 ms--------

--------[SEGMENT START] PHASE 3 - ZNCC_SINGLETHREAD--------
----[SCOPE START] mp::zncc_c_single_thread::resize_image----
    [HOST] mp::zncc_c_single_thread::resize_image Avg 0.385601ms,  Middle 0.375395ms
----[SCOPE END] total host: 0.385601 ms, total device: 0 ms----
----[SCOPE START] mp::zncc_c_single_thread::grayscale_image----
    [HOST] mp::zncc_c_single_thread::grayscale_image Avg 0.735246ms,  Middle 0.732627ms
----[SCOPE END] total host: 0.735246 ms, total device: 0 ms----
----[SCOPE START] mp::zncc_c_single_thread::calculate_disparity_map_left----
    [HOST] mp::zncc_c_single_thread::calculate_disparity_map_left Avg 2858.45ms,  Middle 2857ms
----[SCOPE END] total host: 2858.45 ms, total device: 0 ms----
----[SCOPE START] mp::zncc_c_single_thread::calculate_disparity_map_right----
    [HOST] mp::zncc_c_single_thread::calculate_disparity_map_right Avg 2857.27ms,  Middle 2855.97ms
----[SCOPE END] total host: 2857.27 ms, total device: 0 ms----
----[SCOPE START] mp::zncc_c_single_thread::cross_check_occulsion_disparity_maps----
    [HOST] mp::zncc_c_single_thread::cross_check_occulsion_disparity_maps Avg 3.61429ms,  Middle 3.60609ms
----[SCOPE END] total host: 3.61429 ms, total device: 0 ms----
--------[SEGMENT END] total host: 5720.45 ms, total device: 0 ms--------

--------[SEGMENT START] PHASE 3 - ZNCC_SINGLETHREAD_VECTORIZED--------
----[SCOPE START] mp::zncc_c_single_thread::resize_image----
    [HOST] mp::zncc_c_single_thread::resize_image Avg 0.394638ms,  Middle 0.386261ms
----[SCOPE END] total host: 0.394638 ms, total device: 0 ms----
----[SCOPE START] mp::zncc_c_single_thread::grayscale_image_avx_512----
    [HOST] mp::zncc_c_single_thread::grayscale_image_avx_512 Avg 0.0415099ms,  Middle 0.0398095ms
----[SCOPE END] total host: 0.0415099 ms, total device: 0 ms----
----[SCOPE START] mp::zncc_c_single_thread::calculate_disparity_map_left----
    [HOST] mp::zncc_c_single_thread::calculate_disparity_map_left Avg 1378.13ms,  Middle 1377.81ms
----[SCOPE END] total host: 1378.13 ms, total device: 0 ms----
----[SCOPE START] mp::zncc_c_single_thread::calculate_disparity_map_right----
    [HOST] mp::zncc_c_single_thread::calculate_disparity_map_right Avg 1371.13ms,  Middle 1370.83ms
----[SCOPE END] total host: 1371.13 ms, total device: 0 ms----
----[SCOPE START] mp::zncc_c_single_thread::cross_check_occulsion_disparity_maps----
    [HOST] mp::zncc_c_single_thread::cross_check_occulsion_disparity_maps Avg 3.60096ms,  Middle 3.6035ms
----[SCOPE END] total host: 3.60096 ms, total device: 0 ms----
--------[SEGMENT END] total host: 2753.29 ms, total device: 0 ms--------

--------[SEGMENT START] PHASE 4 - ZNCC_MULTITHREAD--------
----[SCOPE START] mp::zncc_c_multi_thread::resize_image----
    [HOST] mp::zncc_c_multi_thread::resize_image Avg 0.190927ms,  Middle 0.187898ms
----[SCOPE END] total host: 0.190927 ms, total device: 0 ms----
----[SCOPE START] mp::zncc_c_multi_thread::grayscale_image----
    [HOST] mp::zncc_c_multi_thread::grayscale_image Avg 0.161497ms,  Middle 0.145438ms
----[SCOPE END] total host: 0.161497 ms, total device: 0 ms----
----[SCOPE START] mp::zncc_c_multi_thread::calculate_disparity_map_left----
    [HOST] mp::zncc_c_multi_thread::calculate_disparity_map_left Avg 512.588ms,  Middle 508.364ms
----[SCOPE END] total host: 512.588 ms, total device: 0 ms----
----[SCOPE START] mp::zncc_c_multi_thread::calculate_disparity_map_right----
    [HOST] mp::zncc_c_multi_thread::calculate_disparity_map_right Avg 512.216ms,  Middle 509.125ms
----[SCOPE END] total host: 512.216 ms, total device: 0 ms----
----[SCOPE START] mp::zncc_c_multi_thread::cross_check_occulsion_disparity_maps----
    [HOST] mp::zncc_c_multi_thread::cross_check_occulsion_disparity_maps Avg 0.722087ms,  Middle 0.701002ms
----[SCOPE END] total host: 0.722087 ms, total device: 0 ms----
--------[SEGMENT END] total host: 1025.88 ms, total device: 0 ms--------

--------[SEGMENT START] PHASE 4 - ZNCC_MULTITHREAD_VECTORIZED--------
----[SCOPE START] mp::zncc_c_multi_thread::resize_image----
    [HOST] mp::zncc_c_multi_thread::resize_image Avg 0.191829ms,  Middle 0.186761ms
----[SCOPE END] total host: 0.191829 ms, total device: 0 ms----
----[SCOPE START] mp::zncc_c_multi_thread::grayscale_image----
    [HOST] mp::zncc_c_multi_thread::grayscale_image Avg 0.0383665ms,  Middle 0.0375055ms
----[SCOPE END] total host: 0.0383665 ms, total device: 0 ms----
----[SCOPE START] mp::zncc_c_multi_thread::calculate_disparity_map_left----
    [HOST] mp::zncc_c_multi_thread::calculate_disparity_map_left Avg 240.199ms,  Middle 239.352ms
----[SCOPE END] total host: 240.199 ms, total device: 0 ms----
----[SCOPE START] mp::zncc_c_multi_thread::calculate_disparity_map_right----
    [HOST] mp::zncc_c_multi_thread::calculate_disparity_map_right Avg 239.053ms,  Middle 238.115ms
----[SCOPE END] total host: 239.053 ms, total device: 0 ms----
----[SCOPE START] mp::zncc_c_multi_thread::cross_check_occulsion_disparity_maps----
    [HOST] mp::zncc_c_multi_thread::cross_check_occulsion_disparity_maps Avg 0.719498ms,  Middle 0.714417ms
----[SCOPE END] total host: 0.719498 ms, total device: 0 ms----
--------[SEGMENT END] total host: 480.201 ms, total device: 0 ms--------

--------[SEGMENT START] PHASE 7 - ZNCC_MULTITHREAD_INTEGRAL--------
----[SCOPE START] mp::zncc_c_multi_thread::resize_image----
    [HOST] mp::zncc_c_multi_thread::resize_image Avg 0.186097ms,  Middle 0.184953ms
----[SCOPE END] total host: 0.186097 ms, total device: 0 ms----
----[SCOPE START] mp::zncc_c_multi_thread::grayscale_image----
    [HOST] mp::zncc_c_multi_thread::grayscale_image Avg 0.0377333ms,  Middle 0.037245ms
----[SCOPE END] total host: 0.0377333 ms, total device: 0 ms----
----[SCOPE START] mp::zncc_c_multi_thread::calculate_integral_map----
    [HOST] mp::zncc_c_multi_thread::calculate_integral_map Avg 0.352157ms,  Middle 0.345404ms
----[SCOPE END] total host: 0.352157 ms, total device: 0 ms----
----[SCOPE START] mp::zncc_c_multi_thread::calculate_disparity_map_left----
    [HOST] mp::zncc_c_multi_thread::calculate_disparity_map_left Avg 132.716ms,  Middle 131.719ms
----[SCOPE END] total host: 132.716 ms, total device: 0 ms----
----[SCOPE START] mp::zncc_c_multi_thread::calculate_disparity_map_right----
    [HOST] mp::zncc_c_multi_thread::calculate_disparity_map_right Avg 132.101ms,  Middle 131.333ms
----[SCOPE END] total host: 132.101 ms, total device: 0 ms----
----[SCOPE START] mp::zncc_c_multi_thread::cross_check_occulsion_disparity_maps----
    [HOST] mp::zncc_c_multi_thread::cross_check_occulsion_disparity_maps Avg 0.709194ms,  Middle 0.689922ms
----[SCOPE END] total host: 0.709194 ms, total device: 0 ms----
--------[SEGMENT END] total host: 266.102 ms, total device: 0 ms--------

--------[SEGMENT START] PHASE 5 - ZNCC_OPENCL_GLOBAL--------
----[SCOPE START] initialize----
    [HOST] initialize Avg 81.9313ms,  Middle 81.9313ms
----[SCOPE END] total host: 81.9313 ms, total device: 0 ms----
----[SCOPE START] pipeline----
    [DEVICE ADDITIONAL] Pipeline | write left [QUEUE to SUBMIT] Avg 0.00559872ms, Middle 0.0052ms
    [DEVICE ADDITIONAL] Pipeline | write left [SUBMIT to START] Avg 0.0460358ms, Middle 0.045488ms
    [DEVICE ADDITIONAL] Pipeline | write left [QUEUE to END] Avg 1.16971ms, Middle 1.12832ms
    [DEVICE] Pipeline | write left [EXECUTION] Avg 1.11808ms, Middle 1.0784ms
    [DEVICE ADDITIONAL] Pipeline | write right [QUEUE to SUBMIT] Avg 0.0039328ms, Middle 0.003776ms
    [DEVICE ADDITIONAL] Pipeline | write right [SUBMIT to START] Avg 1.08631ms, Middle 1.05949ms
    [DEVICE ADDITIONAL] Pipeline | write right [QUEUE to END] Avg 2.16447ms, Middle 2.07662ms
    [DEVICE] Pipeline | write right [EXECUTION] Avg 1.07423ms, Middle 1.02014ms
    [DEVICE ADDITIONAL] Pipeline | downscale left [QUEUE to SUBMIT] Avg 0.00238848ms, Middle 0.002256ms
    [DEVICE ADDITIONAL] Pipeline | downscale left [SUBMIT to START] Avg 2.11427ms, Middle 2.05502ms
    [DEVICE ADDITIONAL] Pipeline | downscale left [QUEUE to END] Avg 2.14192ms, Middle 2.08085ms
    [DEVICE] Pipeline | downscale left [EXECUTION] Avg 0.0252627ms, Middle 0.023424ms
    [DEVICE ADDITIONAL] Pipeline | downscale right [QUEUE to SUBMIT] Avg 0.00192448ms, Middle 0.001904ms
    [DEVICE ADDITIONAL] Pipeline | downscale right [SUBMIT to START] Avg 2.08069ms, Middle 2.01296ms
    [DEVICE ADDITIONAL] Pipeline | downscale right [QUEUE to END] Avg 2.10521ms, Middle 2.04315ms
    [DEVICE] Pipeline | downscale right [EXECUTION] Avg 0.0225946ms, Middle 0.017984ms
    [DEVICE ADDITIONAL] Pipeline | grayscale left [QUEUE to SUBMIT] Avg 0.00203008ms, Middle 0.001984ms
    [DEVICE ADDITIONAL] Pipeline | grayscale left [SUBMIT to START] Avg 2.0936ms, Middle 2.03112ms
    [DEVICE ADDITIONAL] Pipeline | grayscale left [QUEUE to END] Avg 2.10144ms, Middle 2.03874ms
    [DEVICE] Pipeline | grayscale left [EXECUTION] Avg 0.00580864ms, Middle 0.005696ms
    [DEVICE ADDITIONAL] Pipeline | grayscale right [QUEUE to SUBMIT] Avg 0.00200384ms, Middle 0.001984ms
    [DEVICE ADDITIONAL] Pipeline | grayscale right [SUBMIT to START] Avg 2.0893ms, Middle 2.02725ms
    [DEVICE ADDITIONAL] Pipeline | grayscale right [QUEUE to END] Avg 2.09699ms, Middle 2.03498ms
    [DEVICE] Pipeline | grayscale right [EXECUTION] Avg 0.00569216ms, Middle 0.005696ms
    [DEVICE ADDITIONAL] Pipeline | Zncc map left [QUEUE to SUBMIT] Avg 0.0020384ms, Middle 0.00192ms
    [DEVICE ADDITIONAL] Pipeline | Zncc map left [SUBMIT to START] Avg 2.03478ms, Middle 1.97242ms
    [DEVICE ADDITIONAL] Pipeline | Zncc map left [QUEUE to END] Avg 10.1924ms, Middle 10.0835ms
    [DEVICE] Pipeline | Zncc map left [EXECUTION] Avg 8.15556ms, Middle 7.92224ms
    [DEVICE ADDITIONAL] Pipeline | Zncc map right [QUEUE to SUBMIT] Avg 0.0019936ms, Middle 0.001968ms
    [DEVICE ADDITIONAL] Pipeline | Zncc map right [SUBMIT to START] Avg 10.1808ms, Middle 10.0727ms
    [DEVICE ADDITIONAL] Pipeline | Zncc map right [QUEUE to END] Avg 18.5334ms, Middle 18.5128ms
    [DEVICE] Pipeline | Zncc map right [EXECUTION] Avg 8.3506ms, Middle 8.36888ms
    [DEVICE ADDITIONAL] Pipeline | Post process [QUEUE to SUBMIT] Avg 0.00213888ms, Middle 0.002032ms
    [DEVICE ADDITIONAL] Pipeline | Post process [SUBMIT to START] Avg 18.5215ms, Middle 18.5007ms
    [DEVICE ADDITIONAL] Pipeline | Post process [QUEUE to END] Avg 18.9719ms, Middle 18.8662ms
    [DEVICE] Pipeline | Post process [EXECUTION] Avg 0.448281ms, Middle 0.331008ms
    [DEVICE ADDITIONAL] Pipeline | Map read [QUEUE to SUBMIT] Avg 0.003776ms, Middle 0.00328ms
    [DEVICE ADDITIONAL] Pipeline | Map read [SUBMIT to START] Avg 18.9459ms, Middle 18.8407ms
    [DEVICE ADDITIONAL] Pipeline | Map read [QUEUE to END] Avg 18.9633ms, Middle 18.8588ms
    [DEVICE] Pipeline | Map read [EXECUTION] Avg 0.0136179ms, Middle 0.013152ms
    [HOST] pipeline Avg 19.8128ms,  Middle 19.6696ms
----[SCOPE END] total host: 19.8128 ms, total device: 19.2197 ms----
--------[SEGMENT END] total host: 101.744 ms, total device: 19.2197 ms--------

--------[SEGMENT START] PHASE 6 - ZNCC_OPENCL_TILED--------
----[SCOPE START] initialize----
    [HOST] initialize Avg 67.666ms,  Middle 67.666ms
----[SCOPE END] total host: 67.666 ms, total device: 0 ms----
----[SCOPE START] pipeline----
    [DEVICE ADDITIONAL] Pipeline | write left [QUEUE to SUBMIT] Avg 0.00475008ms, Middle 0.004576ms
    [DEVICE ADDITIONAL] Pipeline | write left [SUBMIT to START] Avg 0.0435738ms, Middle 0.043056ms
    [DEVICE ADDITIONAL] Pipeline | write left [QUEUE to END] Avg 1.10094ms, Middle 1.0839ms
    [DEVICE] Pipeline | write left [EXECUTION] Avg 1.05262ms, Middle 1.03302ms
    [DEVICE ADDITIONAL] Pipeline | write right [QUEUE to SUBMIT] Avg 0.00351744ms, Middle 0.00344ms
    [DEVICE ADDITIONAL] Pipeline | write right [SUBMIT to START] Avg 1.05995ms, Middle 1.04306ms
    [DEVICE ADDITIONAL] Pipeline | write right [QUEUE to END] Avg 2.16935ms, Middle 2.11536ms
    [DEVICE] Pipeline | write right [EXECUTION] Avg 1.10589ms, Middle 1.03419ms
    [DEVICE ADDITIONAL] Pipeline | downscale left [QUEUE to SUBMIT] Avg 0.0022112ms, Middle 0.002144ms
    [DEVICE ADDITIONAL] Pipeline | downscale left [SUBMIT to START] Avg 2.14337ms, Middle 2.08728ms
    [DEVICE ADDITIONAL] Pipeline | downscale left [QUEUE to END] Avg 2.16826ms, Middle 2.11226ms
    [DEVICE] Pipeline | downscale left [EXECUTION] Avg 0.0226778ms, Middle 0.023424ms
    [DEVICE ADDITIONAL] Pipeline | downscale right [QUEUE to SUBMIT] Avg 0.00190848ms, Middle 0.001888ms
    [DEVICE ADDITIONAL] Pipeline | downscale right [SUBMIT to START] Avg 2.11439ms, Middle 2.0556ms
    [DEVICE ADDITIONAL] Pipeline | downscale right [QUEUE to END] Avg 2.13551ms, Middle 2.07554ms
    [DEVICE] Pipeline | downscale right [EXECUTION] Avg 0.0192038ms, Middle 0.019008ms
    [DEVICE ADDITIONAL] Pipeline | grayscale left [QUEUE to SUBMIT] Avg 0.00196864ms, Middle 0.001952ms
    [DEVICE ADDITIONAL] Pipeline | grayscale left [SUBMIT to START] Avg 2.12448ms, Middle 2.06512ms
    [DEVICE ADDITIONAL] Pipeline | grayscale left [QUEUE to END] Avg 2.13212ms, Middle 2.07262ms
    [DEVICE] Pipeline | grayscale left [EXECUTION] Avg 0.00566912ms, Middle 0.005696ms
    [DEVICE ADDITIONAL] Pipeline | grayscale right [QUEUE to SUBMIT] Avg 0.00199232ms, Middle 0.001984ms
    [DEVICE ADDITIONAL] Pipeline | grayscale right [SUBMIT to START] Avg 2.12093ms, Middle 2.06186ms
    [DEVICE ADDITIONAL] Pipeline | grayscale right [QUEUE to END] Avg 2.12861ms, Middle 2.06955ms
    [DEVICE] Pipeline | grayscale right [EXECUTION] Avg 0.00568704ms, Middle 0.005696ms
    [DEVICE ADDITIONAL] Pipeline | Zncc map left [QUEUE to SUBMIT] Avg 0.00202944ms, Middle 0.001984ms
    [DEVICE ADDITIONAL] Pipeline | Zncc map left [SUBMIT to START] Avg 2.07213ms, Middle 2.02685ms
    [DEVICE ADDITIONAL] Pipeline | Zncc map left [QUEUE to END] Avg 6.71424ms, Middle 6.63336ms
    [DEVICE] Pipeline | Zncc map left [EXECUTION] Avg 4.64008ms, Middle 4.55781ms
    [DEVICE ADDITIONAL] Pipeline | Zncc map right [QUEUE to SUBMIT] Avg 0.00195456ms, Middle 0.001984ms
    [DEVICE ADDITIONAL] Pipeline | Zncc map right [SUBMIT to START] Avg 6.70403ms, Middle 6.59277ms
    [DEVICE ADDITIONAL] Pipeline | Zncc map right [QUEUE to END] Avg 11.4798ms, Middle 11.3253ms
    [DEVICE] Pipeline | Zncc map right [EXECUTION] Avg 4.77385ms, Middle 4.65485ms
    [DEVICE ADDITIONAL] Pipeline | Post process [QUEUE to SUBMIT] Avg 0.00199232ms, Middle 0.001984ms
    [DEVICE ADDITIONAL] Pipeline | Post process [SUBMIT to START] Avg 11.4687ms, Middle 11.314ms
    [DEVICE ADDITIONAL] Pipeline | Post process [QUEUE to END] Avg 11.8105ms, Middle 11.8828ms
    [DEVICE] Pipeline | Post process [EXECUTION] Avg 0.339786ms, Middle 0.266608ms
    [DEVICE ADDITIONAL] Pipeline | Map read [QUEUE to SUBMIT] Avg 0.00328ms, Middle 0.003104ms
    [DEVICE ADDITIONAL] Pipeline | Map read [SUBMIT to START] Avg 11.785ms, Middle 11.8591ms
    [DEVICE ADDITIONAL] Pipeline | Map read [QUEUE to END] Avg 11.8019ms, Middle 11.8753ms
    [DEVICE] Pipeline | Map read [EXECUTION] Avg 0.0136205ms, Middle 0.013136ms
    [HOST] pipeline Avg 12.5425ms,  Middle 12.6697ms
----[SCOPE END] total host: 12.5425 ms, total device: 11.9791 ms----
--------[SEGMENT END] total host: 80.2085 ms, total device: 11.9791 ms--------

--------[SEGMENT START] PHASE 6 - ZNCC_OPENCL_VECTORIZED--------
----[SCOPE START] initialize----
    [HOST] initialize Avg 60.432ms,  Middle 60.432ms
----[SCOPE END] total host: 60.432 ms, total device: 0 ms----
----[SCOPE START] pipeline----
    [DEVICE ADDITIONAL] Pipeline | write left [QUEUE to SUBMIT] Avg 0.00562944ms, Middle 0.005024ms
    [DEVICE ADDITIONAL] Pipeline | write left [SUBMIT to START] Avg 0.0447757ms, Middle 0.042064ms
    [DEVICE ADDITIONAL] Pipeline | write left [QUEUE to END] Avg 1.1215ms, Middle 1.06402ms
    [DEVICE] Pipeline | write left [EXECUTION] Avg 1.07109ms, Middle 1.00792ms
    [DEVICE ADDITIONAL] Pipeline | write right [QUEUE to SUBMIT] Avg 0.00393088ms, Middle 0.003744ms
    [DEVICE ADDITIONAL] Pipeline | write right [SUBMIT to START] Avg 1.07551ms, Middle 1.018ms
    [DEVICE ADDITIONAL] Pipeline | write right [QUEUE to END] Avg 2.14389ms, Middle 2.08912ms
    [DEVICE] Pipeline | write right [EXECUTION] Avg 1.06446ms, Middle 1.00493ms
    [DEVICE ADDITIONAL] Pipeline | downscale left [QUEUE to SUBMIT] Avg 0.0021664ms, Middle 0.002064ms
    [DEVICE ADDITIONAL] Pipeline | downscale left [SUBMIT to START] Avg 2.10276ms, Middle 2.0301ms
    [DEVICE ADDITIONAL] Pipeline | downscale left [QUEUE to END] Avg 2.12513ms, Middle 2.06184ms
    [DEVICE] Pipeline | downscale left [EXECUTION] Avg 0.0201997ms, Middle 0.019104ms
    [DEVICE ADDITIONAL] Pipeline | downscale right [QUEUE to SUBMIT] Avg 0.00196416ms, Middle 0.001904ms
    [DEVICE ADDITIONAL] Pipeline | downscale right [SUBMIT to START] Avg 2.06758ms, Middle 2.0097ms
    [DEVICE ADDITIONAL] Pipeline | downscale right [QUEUE to END] Avg 2.08769ms, Middle 2.02954ms
    [DEVICE] Pipeline | downscale right [EXECUTION] Avg 0.0181485ms, Middle 0.017984ms
    [DEVICE ADDITIONAL] Pipeline | grayscale left [QUEUE to SUBMIT] Avg 0.00202304ms, Middle 0.001968ms
    [DEVICE ADDITIONAL] Pipeline | grayscale left [SUBMIT to START] Avg 2.07671ms, Middle 2.01917ms
    [DEVICE ADDITIONAL] Pipeline | grayscale left [QUEUE to END] Avg 2.08444ms, Middle 2.02677ms
    [DEVICE] Pipeline | grayscale left [EXECUTION] Avg 0.00570944ms, Middle 0.005696ms
    [DEVICE ADDITIONAL] Pipeline | grayscale right [QUEUE to SUBMIT] Avg 0.00195776ms, Middle 0.001952ms
    [DEVICE ADDITIONAL] Pipeline | grayscale right [SUBMIT to START] Avg 2.0733ms, Middle 2.0152ms
    [DEVICE ADDITIONAL] Pipeline | grayscale right [QUEUE to END] Avg 2.08105ms, Middle 2.02291ms
    [DEVICE] Pipeline | grayscale right [EXECUTION] Avg 0.00579584ms, Middle 0.005696ms
    [DEVICE ADDITIONAL] Pipeline | Zncc map left [QUEUE to SUBMIT] Avg 0.00203264ms, Middle 0.00192ms
    [DEVICE ADDITIONAL] Pipeline | Zncc map left [SUBMIT to START] Avg 2.0182ms, Middle 1.95453ms
    [DEVICE ADDITIONAL] Pipeline | Zncc map left [QUEUE to END] Avg 6.98153ms, Middle 6.86674ms
    [DEVICE] Pipeline | Zncc map left [EXECUTION] Avg 4.9613ms, Middle 4.83232ms
    [DEVICE ADDITIONAL] Pipeline | Zncc map right [QUEUE to SUBMIT] Avg 0.00196224ms, Middle 0.00192ms
    [DEVICE ADDITIONAL] Pipeline | Zncc map right [SUBMIT to START] Avg 6.97024ms, Middle 6.85578ms
    [DEVICE ADDITIONAL] Pipeline | Zncc map right [QUEUE to END] Avg 12.1053ms, Middle 12.2551ms
    [DEVICE] Pipeline | Zncc map right [EXECUTION] Avg 5.13306ms, Middle 5.00998ms
    [DEVICE ADDITIONAL] Pipeline | Post process [QUEUE to SUBMIT] Avg 0.00198272ms, Middle 0.001968ms
    [DEVICE ADDITIONAL] Pipeline | Post process [SUBMIT to START] Avg 12.0939ms, Middle 12.2443ms
    [DEVICE ADDITIONAL] Pipeline | Post process [QUEUE to END] Avg 12.168ms, Middle 12.3036ms
    [DEVICE] Pipeline | Post process [EXECUTION] Avg 0.0721254ms, Middle 0.071232ms
    [DEVICE ADDITIONAL] Pipeline | Map read [QUEUE to SUBMIT] Avg 0.0036352ms, Middle 0.003296ms
    [DEVICE ADDITIONAL] Pipeline | Map read [SUBMIT to START] Avg 12.1423ms, Middle 12.2825ms
    [DEVICE ADDITIONAL] Pipeline | Map read [QUEUE to END] Avg 12.16ms, Middle 12.3011ms
    [DEVICE] Pipeline | Map read [EXECUTION] Avg 0.0139981ms, Middle 0.01312ms
    [HOST] pipeline Avg 12.8958ms,  Middle 13.0148ms
----[SCOPE END] total host: 12.8958 ms, total device: 12.3659 ms----
--------[SEGMENT END] total host: 73.3278 ms, total device: 12.3659 ms--------

--------[SEGMENT START] PHASE 6 - ZNCC_OPENCL_IMAGE2D_T--------
----[SCOPE START] initialize----
    [HOST] initialize Avg 68.355ms,  Middle 68.355ms
----[SCOPE END] total host: 68.355 ms, total device: 0 ms----
----[SCOPE START] pipeline----
    [DEVICE ADDITIONAL] Pipeline | write left [QUEUE to SUBMIT] Avg 0.00834816ms, Middle 0.008032ms
    [DEVICE ADDITIONAL] Pipeline | write left [SUBMIT to START] Avg 0.0474221ms, Middle 0.042544ms
    [DEVICE ADDITIONAL] Pipeline | write left [QUEUE to END] Avg 1.40506ms, Middle 1.3557ms
    [DEVICE] Pipeline | write left [EXECUTION] Avg 1.34929ms, Middle 1.30778ms
    [DEVICE ADDITIONAL] Pipeline | write right [QUEUE to SUBMIT] Avg 0.00388096ms, Middle 0.003712ms
    [DEVICE ADDITIONAL] Pipeline | write right [SUBMIT to START] Avg 1.30041ms, Middle 1.24778ms
    [DEVICE ADDITIONAL] Pipeline | write right [QUEUE to END] Avg 2.56698ms, Middle 2.5232ms
    [DEVICE] Pipeline | write right [EXECUTION] Avg 1.26268ms, Middle 1.23349ms
    [DEVICE ADDITIONAL] Pipeline | downscale left [QUEUE to SUBMIT] Avg 0.002384ms, Middle 0.002256ms
    [DEVICE ADDITIONAL] Pipeline | downscale left [SUBMIT to START] Avg 2.44384ms, Middle 2.42242ms
    [DEVICE ADDITIONAL] Pipeline | downscale left [QUEUE to END] Avg 2.48589ms, Middle 2.46856ms
    [DEVICE] Pipeline | downscale left [EXECUTION] Avg 0.0396582ms, Middle 0.038448ms
    [DEVICE ADDITIONAL] Pipeline | downscale right [QUEUE to SUBMIT] Avg 0.00184192ms, Middle 0.001792ms
    [DEVICE ADDITIONAL] Pipeline | downscale right [SUBMIT to START] Avg 2.37684ms, Middle 2.35381ms
    [DEVICE ADDITIONAL] Pipeline | downscale right [QUEUE to END] Avg 2.41578ms, Middle 2.38989ms
    [DEVICE] Pipeline | downscale right [EXECUTION] Avg 0.0370893ms, Middle 0.034368ms
    [DEVICE ADDITIONAL] Pipeline | grayscale left [QUEUE to SUBMIT] Avg 0.00187328ms, Middle 0.001856ms
    [DEVICE ADDITIONAL] Pipeline | grayscale left [SUBMIT to START] Avg 2.31837ms, Middle 2.28995ms
    [DEVICE ADDITIONAL] Pipeline | grayscale left [QUEUE to END] Avg 2.32742ms, Middle 2.29965ms
    [DEVICE] Pipeline | grayscale left [EXECUTION] Avg 0.0071776ms, Middle 0.007744ms
    [DEVICE ADDITIONAL] Pipeline | grayscale right [QUEUE to SUBMIT] Avg 0.00194048ms, Middle 0.001888ms
    [DEVICE ADDITIONAL] Pipeline | grayscale right [SUBMIT to START] Avg 2.31246ms, Middle 2.28408ms
    [DEVICE ADDITIONAL] Pipeline | grayscale right [QUEUE to END] Avg 2.32095ms, Middle 2.29374ms
    [DEVICE] Pipeline | grayscale right [EXECUTION] Avg 0.00655104ms, Middle 0.005728ms
    [DEVICE ADDITIONAL] Pipeline | Zncc map left [QUEUE to SUBMIT] Avg 0.00204992ms, Middle 0.001952ms
    [DEVICE ADDITIONAL] Pipeline | Zncc map left [SUBMIT to START] Avg 2.30432ms, Middle 2.27597ms
    [DEVICE ADDITIONAL] Pipeline | Zncc map left [QUEUE to END] Avg 10.3089ms, Middle 10.2152ms
    [DEVICE] Pipeline | Zncc map left [EXECUTION] Avg 8.00255ms, Middle 7.7239ms
    [DEVICE ADDITIONAL] Pipeline | Zncc map right [QUEUE to SUBMIT] Avg 0.00188736ms, Middle 0.001856ms
    [DEVICE ADDITIONAL] Pipeline | Zncc map right [SUBMIT to START] Avg 10.2929ms, Middle 10.1981ms
    [DEVICE ADDITIONAL] Pipeline | Zncc map right [QUEUE to END] Avg 18.3804ms, Middle 18.4397ms
    [DEVICE] Pipeline | Zncc map right [EXECUTION] Avg 8.08566ms, Middle 7.84544ms
    [DEVICE ADDITIONAL] Pipeline | Post process [QUEUE to SUBMIT] Avg 0.00184512ms, Middle 0.001792ms
    [DEVICE ADDITIONAL] Pipeline | Post process [SUBMIT to START] Avg 18.3662ms, Middle 18.4262ms
    [DEVICE ADDITIONAL] Pipeline | Post process [QUEUE to END] Avg 19.1531ms, Middle 19.1496ms
    [DEVICE] Pipeline | Post process [EXECUTION] Avg 0.785097ms, Middle 0.58784ms
    [DEVICE ADDITIONAL] Pipeline | Map read [QUEUE to SUBMIT] Avg 0.00576384ms, Middle 0.005456ms
    [DEVICE ADDITIONAL] Pipeline | Map read [SUBMIT to START] Avg 19.1235ms, Middle 19.1092ms
    [DEVICE ADDITIONAL] Pipeline | Map read [QUEUE to END] Avg 19.1437ms, Middle 19.1298ms
    [DEVICE] Pipeline | Map read [EXECUTION] Avg 0.0144ms, Middle 0.014208ms
    [HOST] pipeline Avg 20.1712ms,  Middle 20.2468ms
----[SCOPE END] total host: 20.1712 ms, total device: 19.5902 ms----
--------[SEGMENT END] total host: 88.5262 ms, total device: 19.5902 ms--------

--------[SEGMENT START] PHASE 7 - ZNCC_OPENCL_INTEGRAL--------
----[SCOPE START] initialize----
    [HOST] initialize Avg 62.4555ms,  Middle 62.4555ms
----[SCOPE END] total host: 62.4555 ms, total device: 0 ms----
----[SCOPE START] pipeline----
    [DEVICE ADDITIONAL] Pipeline | write left [QUEUE to SUBMIT] Avg 0.00649792ms, Middle 0.005408ms
    [DEVICE ADDITIONAL] Pipeline | write left [SUBMIT to START] Avg 0.0420877ms, Middle 0.041408ms
    [DEVICE ADDITIONAL] Pipeline | write left [QUEUE to END] Avg 1.082ms, Middle 1.07706ms
    [DEVICE] Pipeline | write left [EXECUTION] Avg 1.03341ms, Middle 1.02771ms
    [DEVICE ADDITIONAL] Pipeline | write right [QUEUE to SUBMIT] Avg 0.00387968ms, Middle 0.003616ms
    [DEVICE ADDITIONAL] Pipeline | write right [SUBMIT to START] Avg 1.03139ms, Middle 1.02077ms
    [DEVICE ADDITIONAL] Pipeline | write right [QUEUE to END] Avg 2.07773ms, Middle 2.04806ms
    [DEVICE] Pipeline | write right [EXECUTION] Avg 1.04246ms, Middle 1.00842ms
    [DEVICE ADDITIONAL] Pipeline | downscale left [QUEUE to SUBMIT] Avg 0.00224128ms, Middle 0.002208ms
    [DEVICE ADDITIONAL] Pipeline | downscale left [SUBMIT to START] Avg 2.06073ms, Middle 2.01629ms
    [DEVICE ADDITIONAL] Pipeline | downscale left [QUEUE to END] Avg 2.08569ms, Middle 2.04126ms
    [DEVICE] Pipeline | downscale left [EXECUTION] Avg 0.0227142ms, Middle 0.02312ms
    [DEVICE ADDITIONAL] Pipeline | downscale right [QUEUE to SUBMIT] Avg 0.00189824ms, Middle 0.001888ms
    [DEVICE ADDITIONAL] Pipeline | downscale right [SUBMIT to START] Avg 2.03305ms, Middle 1.97184ms
    [DEVICE ADDITIONAL] Pipeline | downscale right [QUEUE to END] Avg 2.05405ms, Middle 1.98984ms
    [DEVICE] Pipeline | downscale right [EXECUTION] Avg 0.0191027ms, Middle 0.017984ms
    [DEVICE ADDITIONAL] Pipeline | grayscale left [QUEUE to SUBMIT] Avg 0.0020512ms, Middle 0.001984ms
    [DEVICE ADDITIONAL] Pipeline | grayscale left [SUBMIT to START] Avg 2.04292ms, Middle 1.98498ms
    [DEVICE ADDITIONAL] Pipeline | grayscale left [QUEUE to END] Avg 2.0507ms, Middle 1.99298ms
    [DEVICE] Pipeline | grayscale left [EXECUTION] Avg 0.00572032ms, Middle 0.005696ms
    [DEVICE ADDITIONAL] Pipeline | grayscale right [QUEUE to SUBMIT] Avg 0.001936ms, Middle 0.00192ms
    [DEVICE ADDITIONAL] Pipeline | grayscale right [SUBMIT to START] Avg 2.03901ms, Middle 1.97936ms
    [DEVICE ADDITIONAL] Pipeline | grayscale right [QUEUE to END] Avg 2.04676ms, Middle 1.98835ms
    [DEVICE] Pipeline | grayscale right [EXECUTION] Avg 0.00581632ms, Middle 0.005696ms
    [DEVICE ADDITIONAL] Pipeline | Integral left row [QUEUE to SUBMIT] Avg 0.0019136ms, Middle 0.001936ms
    [DEVICE ADDITIONAL] Pipeline | Integral left row [SUBMIT to START] Avg 1.94689ms, Middle 1.89944ms
    [DEVICE ADDITIONAL] Pipeline | Integral left row [QUEUE to END] Avg 2.28187ms, Middle 2.22965ms
    [DEVICE] Pipeline | Integral left row [EXECUTION] Avg 0.333065ms, Middle 0.333376ms
    [DEVICE ADDITIONAL] Pipeline | Integral right row [QUEUE to SUBMIT] Avg 0.00190784ms, Middle 0.001904ms
    [DEVICE ADDITIONAL] Pipeline | Integral right row [SUBMIT to START] Avg 2.19067ms, Middle 2.1357ms
    [DEVICE ADDITIONAL] Pipeline | Integral right row [QUEUE to END] Avg 2.52643ms, Middle 2.47198ms
    [DEVICE] Pipeline | Integral right row [EXECUTION] Avg 0.333843ms, Middle 0.333376ms
    [DEVICE ADDITIONAL] Pipeline | Integral left column [QUEUE to SUBMIT] Avg 0.00196416ms, Middle 0.001952ms
    [DEVICE ADDITIONAL] Pipeline | Integral left column [SUBMIT to START] Avg 2.51673ms, Middle 2.46494ms
    [DEVICE ADDITIONAL] Pipeline | Integral left column [QUEUE to END] Avg 2.59823ms, Middle 2.54638ms
    [DEVICE] Pipeline | Integral left column [EXECUTION] Avg 0.0795341ms, Middle 0.079424ms
    [DEVICE ADDITIONAL] Pipeline | Integral right column [QUEUE to SUBMIT] Avg 0.0019712ms, Middle 0.001952ms
    [DEVICE ADDITIONAL] Pipeline | Integral right column [SUBMIT to START] Avg 2.58874ms, Middle 2.53622ms
    [DEVICE ADDITIONAL] Pipeline | Integral right column [QUEUE to END] Avg 2.67019ms, Middle 2.61768ms
    [DEVICE] Pipeline | Integral right column [EXECUTION] Avg 0.0794803ms, Middle 0.079408ms
    [DEVICE ADDITIONAL] Pipeline | Zncc map left [QUEUE to SUBMIT] Avg 0.00198208ms, Middle 0.001984ms
    [DEVICE ADDITIONAL] Pipeline | Zncc map left [SUBMIT to START] Avg 2.61842ms, Middle 2.56462ms
    [DEVICE ADDITIONAL] Pipeline | Zncc map left [QUEUE to END] Avg 5.49582ms, Middle 5.45474ms
    [DEVICE] Pipeline | Zncc map left [EXECUTION] Avg 2.87541ms, Middle 2.84525ms
    [DEVICE ADDITIONAL] Pipeline | Zncc map right [QUEUE to SUBMIT] Avg 0.00195008ms, Middle 0.00192ms
    [DEVICE ADDITIONAL] Pipeline | Zncc map right [SUBMIT to START] Avg 5.48319ms, Middle 5.44058ms
    [DEVICE ADDITIONAL] Pipeline | Zncc map right [QUEUE to END] Avg 8.52273ms, Middle 8.3273ms
    [DEVICE] Pipeline | Zncc map right [EXECUTION] Avg 3.03759ms, Middle 2.92819ms
    [DEVICE ADDITIONAL] Pipeline | Post process [QUEUE to SUBMIT] Avg 0.00208576ms, Middle 0.001952ms
    [DEVICE ADDITIONAL] Pipeline | Post process [SUBMIT to START] Avg 8.51092ms, Middle 8.31478ms
    [DEVICE ADDITIONAL] Pipeline | Post process [QUEUE to END] Avg 8.9937ms, Middle 9.14544ms
    [DEVICE] Pipeline | Post process [EXECUTION] Avg 0.480692ms, Middle 0.36768ms
    [DEVICE ADDITIONAL] Pipeline | Map read [QUEUE to SUBMIT] Avg 0.00420288ms, Middle 0.003904ms
    [DEVICE ADDITIONAL] Pipeline | Map read [SUBMIT to START] Avg 8.96781ms, Middle 9.11574ms
    [DEVICE ADDITIONAL] Pipeline | Map read [QUEUE to END] Avg 8.98611ms, Middle 9.13595ms
    [DEVICE] Pipeline | Map read [EXECUTION] Avg 0.0140934ms, Middle 0.01344ms
    [HOST] pipeline Avg 10.0272ms,  Middle 10.2959ms
----[SCOPE END] total host: 10.0272 ms, total device: 9.36294 ms----
--------[SEGMENT END] total host: 72.4828 ms, total device: 9.36294 ms--------

--------[SEGMENT START] PHASE 7 - ZNCC_OPENCL_INTEGRAL_APS--------
----[SCOPE START] initialize----
    [HOST] initialize Avg 61.8283ms,  Middle 61.8283ms
----[SCOPE END] total host: 61.8283 ms, total device: 0 ms----
----[SCOPE START] pipeline----
    [DEVICE ADDITIONAL] Pipeline | write left [QUEUE to SUBMIT] Avg 0.00487808ms, Middle 0.004592ms
    [DEVICE ADDITIONAL] Pipeline | write left [SUBMIT to START] Avg 0.0433504ms, Middle 0.041136ms
    [DEVICE ADDITIONAL] Pipeline | write left [QUEUE to END] Avg 1.11133ms, Middle 1.07416ms
    [DEVICE] Pipeline | write left [EXECUTION] Avg 1.0631ms, Middle 1.02518ms
    [DEVICE ADDITIONAL] Pipeline | write right [QUEUE to SUBMIT] Avg 0.00369408ms, Middle 0.00368ms
    [DEVICE ADDITIONAL] Pipeline | write right [SUBMIT to START] Avg 1.06396ms, Middle 1.02714ms
    [DEVICE ADDITIONAL] Pipeline | write right [QUEUE to END] Avg 2.09567ms, Middle 2.07333ms
    [DEVICE] Pipeline | write right [EXECUTION] Avg 1.02801ms, Middle 1.00022ms
    [DEVICE ADDITIONAL] Pipeline | downscale left [QUEUE to SUBMIT] Avg 0.0022432ms, Middle 0.002176ms
    [DEVICE ADDITIONAL] Pipeline | downscale left [SUBMIT to START] Avg 2.04323ms, Middle 2.02806ms
    [DEVICE ADDITIONAL] Pipeline | downscale left [QUEUE to END] Avg 2.06748ms, Middle 2.05256ms
    [DEVICE] Pipeline | downscale left [EXECUTION] Avg 0.022009ms, Middle 0.022928ms
    [DEVICE ADDITIONAL] Pipeline | downscale right [QUEUE to SUBMIT] Avg 0.00199296ms, Middle 0.001888ms
    [DEVICE ADDITIONAL] Pipeline | downscale right [SUBMIT to START] Avg 2.00534ms, Middle 1.98234ms
    [DEVICE ADDITIONAL] Pipeline | downscale right [QUEUE to END] Avg 2.02592ms, Middle 2.00544ms
    [DEVICE] Pipeline | downscale right [EXECUTION] Avg 0.0185837ms, Middle 0.017984ms
    [DEVICE ADDITIONAL] Pipeline | grayscale left [QUEUE to SUBMIT] Avg 0.002ms, Middle 0.001984ms
    [DEVICE ADDITIONAL] Pipeline | grayscale left [SUBMIT to START] Avg 2.01537ms, Middle 1.9981ms
    [DEVICE ADDITIONAL] Pipeline | grayscale left [QUEUE to END] Avg 2.02317ms, Middle 2.00368ms
    [DEVICE] Pipeline | grayscale left [EXECUTION] Avg 0.00579776ms, Middle 0.005696ms
    [DEVICE ADDITIONAL] Pipeline | grayscale right [QUEUE to SUBMIT] Avg 0.00196864ms, Middle 0.001936ms
    [DEVICE ADDITIONAL] Pipeline | grayscale right [SUBMIT to START] Avg 2.01219ms, Middle 1.99579ms
    [DEVICE ADDITIONAL] Pipeline | grayscale right [QUEUE to END] Avg 2.02004ms, Middle 2.00139ms
    [DEVICE] Pipeline | grayscale right [EXECUTION] Avg 0.0058816ms, Middle 0.005696ms
    [DEVICE ADDITIONAL] Pipeline | Integral left row [QUEUE to SUBMIT] Avg 0.00187648ms, Middle 0.00184ms
    [DEVICE ADDITIONAL] Pipeline | Integral left row [SUBMIT to START] Avg 1.91682ms, Middle 1.8868ms
    [DEVICE ADDITIONAL] Pipeline | Integral left row [QUEUE to END] Avg 1.9579ms, Middle 1.92733ms
    [DEVICE] Pipeline | Integral left row [EXECUTION] Avg 0.0392032ms, Middle 0.038464ms
    [DEVICE ADDITIONAL] Pipeline | Integral right row [QUEUE to SUBMIT] Avg 0.00187392ms, Middle 0.00184ms
    [DEVICE ADDITIONAL] Pipeline | Integral right row [SUBMIT to START] Avg 1.86072ms, Middle 1.83594ms
    [DEVICE ADDITIONAL] Pipeline | Integral right row [QUEUE to END] Avg 1.90314ms, Middle 1.87838ms
    [DEVICE] Pipeline | Integral right row [EXECUTION] Avg 0.0405504ms, Middle 0.040512ms
    [DEVICE ADDITIONAL] Pipeline | Integral left column [QUEUE to SUBMIT] Avg 0.00200896ms, Middle 0.001952ms
    [DEVICE ADDITIONAL] Pipeline | Integral left column [SUBMIT to START] Avg 1.89372ms, Middle 1.86866ms
    [DEVICE ADDITIONAL] Pipeline | Integral left column [QUEUE to END] Avg 1.95214ms, Middle 1.92747ms
    [DEVICE] Pipeline | Integral left column [EXECUTION] Avg 0.0564134ms, Middle 0.056896ms
    [DEVICE ADDITIONAL] Pipeline | Integral right column [QUEUE to SUBMIT] Avg 0.00195264ms, Middle 0.001936ms
    [DEVICE ADDITIONAL] Pipeline | Integral right column [SUBMIT to START] Avg 1.94305ms, Middle 1.91826ms
    [DEVICE ADDITIONAL] Pipeline | Integral right column [QUEUE to END] Avg 1.99995ms, Middle 1.97518ms
    [DEVICE] Pipeline | Integral right column [EXECUTION] Avg 0.0549414ms, Middle 0.054848ms
    [DEVICE ADDITIONAL] Pipeline | Zncc map left [QUEUE to SUBMIT] Avg 0.00199872ms, Middle 0.001936ms
    [DEVICE ADDITIONAL] Pipeline | Zncc map left [SUBMIT to START] Avg 1.94981ms, Middle 1.90723ms
    [DEVICE ADDITIONAL] Pipeline | Zncc map left [QUEUE to END] Avg 4.75718ms, Middle 4.65517ms
    [DEVICE] Pipeline | Zncc map left [EXECUTION] Avg 2.80537ms, Middle 2.64864ms
    [DEVICE ADDITIONAL] Pipeline | Zncc map right [QUEUE to SUBMIT] Avg 0.0019744ms, Middle 0.001952ms
    [DEVICE ADDITIONAL] Pipeline | Zncc map right [SUBMIT to START] Avg 4.74545ms, Middle 4.64427ms
    [DEVICE ADDITIONAL] Pipeline | Zncc map right [QUEUE to END] Avg 7.65013ms, Middle 7.49906ms
    [DEVICE] Pipeline | Zncc map right [EXECUTION] Avg 2.90271ms, Middle 2.84166ms
    [DEVICE ADDITIONAL] Pipeline | Post process [QUEUE to SUBMIT] Avg 0.00207616ms, Middle 0.001952ms
    [DEVICE ADDITIONAL] Pipeline | Post process [SUBMIT to START] Avg 7.63865ms, Middle 7.48765ms
    [DEVICE ADDITIONAL] Pipeline | Post process [QUEUE to END] Avg 7.74329ms, Middle 7.59149ms
    [DEVICE] Pipeline | Post process [EXECUTION] Avg 0.102569ms, Middle 0.101952ms
    [DEVICE ADDITIONAL] Pipeline | Map read [QUEUE to SUBMIT] Avg 0.0035392ms, Middle 0.00328ms
    [DEVICE ADDITIONAL] Pipeline | Map read [SUBMIT to START] Avg 7.71837ms, Middle 7.56486ms
    [DEVICE ADDITIONAL] Pipeline | Map read [QUEUE to END] Avg 7.73593ms, Middle 7.58208ms
    [DEVICE] Pipeline | Map read [EXECUTION] Avg 0.0140205ms, Middle 0.013152ms
    [HOST] pipeline Avg 8.80943ms,  Middle 8.59962ms
----[SCOPE END] total host: 8.80943 ms, total device: 8.15916 ms----
--------[SEGMENT END] total host: 70.6378 ms, total device: 8.15916 ms--------

--------[SEGMENT START] PHASE 7 - ZNCC_OPENCL_INTEGRAL_APS_CL--------
----[SCOPE START] initialize----
    [HOST] initialize Avg 63.6511ms,  Middle 63.6511ms
----[SCOPE END] total host: 63.6511 ms, total device: 0 ms----
----[SCOPE START] pipeline----
    [DEVICE ADDITIONAL] Pipeline | write left [QUEUE to SUBMIT] Avg 0.005776ms, Middle 0.005504ms
    [DEVICE ADDITIONAL] Pipeline | write left [SUBMIT to START] Avg 0.048201ms, Middle 0.043392ms
    [DEVICE ADDITIONAL] Pipeline | write left [QUEUE to END] Avg 1.1469ms, Middle 1.1073ms
    [DEVICE] Pipeline | write left [EXECUTION] Avg 1.09293ms, Middle 1.06637ms
    [DEVICE ADDITIONAL] Pipeline | write right [QUEUE to SUBMIT] Avg 0.00377792ms, Middle 0.0036ms
    [DEVICE ADDITIONAL] Pipeline | write right [SUBMIT to START] Avg 1.0947ms, Middle 1.06912ms
    [DEVICE ADDITIONAL] Pipeline | write right [QUEUE to END] Avg 2.13129ms, Middle 2.10517ms
    [DEVICE] Pipeline | write right [EXECUTION] Avg 1.03281ms, Middle 1.00277ms
    [DEVICE ADDITIONAL] Pipeline | downscale left [QUEUE to SUBMIT] Avg 0.002224ms, Middle 0.002128ms
    [DEVICE ADDITIONAL] Pipeline | downscale left [SUBMIT to START] Avg 2.0968ms, Middle 2.0564ms
    [DEVICE ADDITIONAL] Pipeline | downscale left [QUEUE to END] Avg 2.12186ms, Middle 2.07947ms
    [DEVICE] Pipeline | downscale left [EXECUTION] Avg 0.0228301ms, Middle 0.023072ms
    [DEVICE ADDITIONAL] Pipeline | downscale right [QUEUE to SUBMIT] Avg 0.00185472ms, Middle 0.00184ms
    [DEVICE ADDITIONAL] Pipeline | downscale right [SUBMIT to START] Avg 2.0614ms, Middle 2.01845ms
    [DEVICE ADDITIONAL] Pipeline | downscale right [QUEUE to END] Avg 2.08147ms, Middle 2.03814ms
    [DEVICE] Pipeline | downscale right [EXECUTION] Avg 0.018224ms, Middle 0.017984ms
    [DEVICE ADDITIONAL] Pipeline | grayscale left [QUEUE to SUBMIT] Avg 0.00193792ms, Middle 0.00192ms
    [DEVICE ADDITIONAL] Pipeline | grayscale left [SUBMIT to START] Avg 2.07073ms, Middle 2.02851ms
    [DEVICE ADDITIONAL] Pipeline | grayscale left [QUEUE to END] Avg 2.07838ms, Middle 2.03651ms
    [DEVICE] Pipeline | grayscale left [EXECUTION] Avg 0.00571328ms, Middle 0.005696ms
    [DEVICE ADDITIONAL] Pipeline | grayscale right [QUEUE to SUBMIT] Avg 0.0019552ms, Middle 0.00192ms
    [DEVICE ADDITIONAL] Pipeline | grayscale right [SUBMIT to START] Avg 2.06727ms, Middle 2.0251ms
    [DEVICE ADDITIONAL] Pipeline | grayscale right [QUEUE to END] Avg 2.07495ms, Middle 2.03266ms
    [DEVICE] Pipeline | grayscale right [EXECUTION] Avg 0.00573248ms, Middle 0.005696ms
    [DEVICE ADDITIONAL] Pipeline | Integral left row [QUEUE to SUBMIT] Avg 0.0019392ms, Middle 0.001888ms
    [DEVICE ADDITIONAL] Pipeline | Integral left row [SUBMIT to START] Avg 1.97909ms, Middle 1.95ms
    [DEVICE ADDITIONAL] Pipeline | Integral left row [QUEUE to END] Avg 2.00127ms, Middle 1.97181ms
    [DEVICE] Pipeline | Integral left row [EXECUTION] Avg 0.0202438ms, Middle 0.020016ms
    [DEVICE ADDITIONAL] Pipeline | Integral right row [QUEUE to SUBMIT] Avg 0.00206272ms, Middle 0.001904ms
    [DEVICE ADDITIONAL] Pipeline | Integral right row [SUBMIT to START] Avg 1.89279ms, Middle 1.84382ms
    [DEVICE ADDITIONAL] Pipeline | Integral right row [QUEUE to END] Avg 1.91487ms, Middle 1.8656ms
    [DEVICE] Pipeline | Integral right row [EXECUTION] Avg 0.020025ms, Middle 0.020032ms
    [DEVICE ADDITIONAL] Pipeline | Integral left column [QUEUE to SUBMIT] Avg 0.0019328ms, Middle 0.001936ms
    [DEVICE ADDITIONAL] Pipeline | Integral left column [SUBMIT to START] Avg 1.9051ms, Middle 1.85803ms
    [DEVICE ADDITIONAL] Pipeline | Integral left column [QUEUE to END] Avg 1.95778ms, Middle 1.91082ms
    [DEVICE] Pipeline | Integral left column [EXECUTION] Avg 0.0507514ms, Middle 0.050752ms
    [DEVICE ADDITIONAL] Pipeline | Integral right column [QUEUE to SUBMIT] Avg 0.0019392ms, Middle 0.001904ms
    [DEVICE ADDITIONAL] Pipeline | Integral right column [SUBMIT to START] Avg 1.94857ms, Middle 1.90099ms
    [DEVICE ADDITIONAL] Pipeline | Integral right column [QUEUE to END] Avg 2.00129ms, Middle 1.95274ms
    [DEVICE] Pipeline | Integral right column [EXECUTION] Avg 0.0507802ms, Middle 0.050752ms
    [DEVICE ADDITIONAL] Pipeline | Zncc map left [QUEUE to SUBMIT] Avg 0.0020096ms, Middle 0.002ms
    [DEVICE ADDITIONAL] Pipeline | Zncc map left [SUBMIT to START] Avg 1.94778ms, Middle 1.91723ms
    [DEVICE ADDITIONAL] Pipeline | Zncc map left [QUEUE to END] Avg 4.75184ms, Middle 4.72174ms
    [DEVICE] Pipeline | Zncc map left [EXECUTION] Avg 2.80205ms, Middle 2.64864ms
    [DEVICE ADDITIONAL] Pipeline | Zncc map right [QUEUE to SUBMIT] Avg 0.00194944ms, Middle 0.001936ms
    [DEVICE ADDITIONAL] Pipeline | Zncc map right [SUBMIT to START] Avg 4.74025ms, Middle 4.71054ms
    [DEVICE ADDITIONAL] Pipeline | Zncc map right [QUEUE to END] Avg 7.70483ms, Middle 7.58878ms
    [DEVICE] Pipeline | Zncc map right [EXECUTION] Avg 2.96263ms, Middle 2.83243ms
    [DEVICE ADDITIONAL] Pipeline | Post process [QUEUE to SUBMIT] Avg 0.00206336ms, Middle 0.00192ms
    [DEVICE ADDITIONAL] Pipeline | Post process [SUBMIT to START] Avg 7.69353ms, Middle 7.57723ms
    [DEVICE ADDITIONAL] Pipeline | Post process [QUEUE to END] Avg 7.79805ms, Middle 7.68318ms
    [DEVICE] Pipeline | Post process [EXECUTION] Avg 0.102451ms, Middle 0.101952ms
    [DEVICE ADDITIONAL] Pipeline | Map read [QUEUE to SUBMIT] Avg 0.00372736ms, Middle 0.00344ms
    [DEVICE ADDITIONAL] Pipeline | Map read [SUBMIT to START] Avg 7.77225ms, Middle 7.65498ms
    [DEVICE ADDITIONAL] Pipeline | Map read [QUEUE to END] Avg 7.78966ms, Middle 7.6664ms
    [DEVICE] Pipeline | Map read [EXECUTION] Avg 0.0136845ms, Middle 0.013104ms
    [HOST] pipeline Avg 8.89339ms,  Middle 8.64547ms
----[SCOPE END] total host: 8.89339 ms, total device: 8.20086 ms----
--------[SEGMENT END] total host: 72.5445 ms, total device: 8.20086 ms--------

[PROFILER END] Total host: 10984.8 ms, total device: 88.8982 ms
